# JRE version: Java(TM) SE Runtime Environment (8.0_31-b13) (build 1.8.0_31-b13)
# Java VM: Java HotSpot(TM) 64-Bit Server VM (25.31-b07 mixed mode windows-amd64 compressed oops)
Heap:
 PSYoungGen      total 268800K, used 81065K [0x000000076e000000, 0x0000000780000000, 0x00000007c0000000)
  eden space 248832K, 24% used [0x000000076e000000,0x0000000771bb1bc8,0x000000077d300000)
  from space 19968K, 99% used [0x000000077d300000,0x000000077e6789f0,0x000000077e680000)
  to   space 22528K, 0% used [0x000000077ea00000,0x000000077ea00000,0x0000000780000000)
 ParOldGen       total 129536K, used 23130K [0x00000006ca000000, 0x00000006d1e80000, 0x000000076e000000)
  object space 129536K, 17% used [0x00000006ca000000,0x00000006cb696910,0x00000006d1e80000)
 Metaspace       used 24749K, capacity 25458K, committed 25648K, reserved 1071104K
  class space    used 2846K, capacity 3012K, committed 3120K, reserved 1048576K
GC Heap History (10 events):
Event: 2.767 GC heap before
{Heap before GC invocations=4 (full 0):
 PSYoungGen      total 73728K, used 73696K [0x000000076e000000, 0x0000000777000000, 0x00000007c0000000)
  eden space 63488K, 100% used [0x000000076e000000,0x0000000771e00000,0x0000000771e00000)
  from space 10240K, 99% used [0x0000000771e00000,0x00000007727f8070,0x0000000772800000)
  to   space 10240K, 0% used [0x0000000776600000,0x0000000776600000,0x0000000777000000)
 ParOldGen       total 167936K, used 5535K [0x00000006ca000000, 0x00000006d4400000, 0x000000076e000000)
  object space 167936K, 3% used [0x00000006ca000000,0x00000006ca567ce0,0x00000006d4400000)
 Metaspace       used 16581K, capacity 16956K, committed 17152K, reserved 1064960K
  class space    used 1926K, capacity 2019K, committed 2048K, reserved 1048576K
Event: 2.775 GC heap after
Heap after GC invocations=4 (full 0):
 PSYoungGen      total 137216K, used 10216K [0x000000076e000000, 0x0000000777000000, 0x00000007c0000000)
  eden space 126976K, 0% used [0x000000076e000000,0x000000076e000000,0x0000000775c00000)
  from space 10240K, 99% used [0x0000000776600000,0x0000000776ffa060,0x0000000777000000)
  to   space 10240K, 0% used [0x0000000775c00000,0x0000000775c00000,0x0000000776600000)
 ParOldGen       total 167936K, used 10465K [0x00000006ca000000, 0x00000006d4400000, 0x000000076e000000)
  object space 167936K, 6% used [0x00000006ca000000,0x00000006caa38608,0x00000006d4400000)
 Metaspace       used 16581K, capacity 16956K, committed 17152K, reserved 1064960K
  class space    used 1926K, capacity 2019K, committed 2048K, reserved 1048576K
}
Event: 3.469 GC heap before
{Heap before GC invocations=5 (full 0):
 PSYoungGen      total 137216K, used 67925K [0x000000076e000000, 0x0000000777000000, 0x00000007c0000000)
  eden space 126976K, 45% used [0x000000076e000000,0x000000077185b6d8,0x0000000775c00000)
  from space 10240K, 99% used [0x0000000776600000,0x0000000776ffa060,0x0000000777000000)
  to   space 10240K, 0% used [0x0000000775c00000,0x0000000775c00000,0x0000000776600000)
 ParOldGen       total 167936K, used 10465K [0x00000006ca000000, 0x00000006d4400000, 0x000000076e000000)
  object space 167936K, 6% used [0x00000006ca000000,0x00000006caa38608,0x00000006d4400000)
 Metaspace       used 20709K, capacity 21216K, committed 21296K, reserved 1069056K
  class space    used 2461K, capacity 2587K, committed 2608K, reserved 1048576K
Event: 3.478 GC heap after
Heap after GC invocations=5 (full 0):
 PSYoungGen      total 137216K, used 10216K [0x000000076e000000, 0x000000077fa00000, 0x00000007c0000000)
  eden space 126976K, 0% used [0x000000076e000000,0x000000076e000000,0x0000000775c00000)
  from space 10240K, 99% used [0x0000000775c00000,0x00000007765fa060,0x0000000776600000)
  to   space 17408K, 0% used [0x000000077e900000,0x000000077e900000,0x000000077fa00000)
 ParOldGen       total 167936K, used 14199K [0x00000006ca000000, 0x00000006d4400000, 0x000000076e000000)
  object space 167936K, 8% used [0x00000006ca000000,0x00000006caddde40,0x00000006d4400000)
 Metaspace       used 20709K, capacity 21216K, committed 21296K, reserved 1069056K
  class space    used 2461K, capacity 2587K, committed 2608K, reserved 1048576K
}
Event: 3.478 GC heap before
{Heap before GC invocations=6 (full 1):
 PSYoungGen      total 137216K, used 10216K [0x000000076e000000, 0x000000077fa00000, 0x00000007c0000000)
  eden space 126976K, 0% used [0x000000076e000000,0x000000076e000000,0x0000000775c00000)
  from space 10240K, 99% used [0x0000000775c00000,0x00000007765fa060,0x0000000776600000)
  to   space 17408K, 0% used [0x000000077e900000,0x000000077e900000,0x000000077fa00000)
 ParOldGen       total 167936K, used 14199K [0x00000006ca000000, 0x00000006d4400000, 0x000000076e000000)
  object space 167936K, 8% used [0x00000006ca000000,0x00000006caddde40,0x00000006d4400000)
 Metaspace       used 20709K, capacity 21216K, committed 21296K, reserved 1069056K
  class space    used 2461K, capacity 2587K, committed 2608K, reserved 1048576K
Event: 3.532 GC heap after
Heap after GC invocations=6 (full 1):
 PSYoungGen      total 137216K, used 0K [0x000000076e000000, 0x000000077fa00000, 0x00000007c0000000)
  eden space 126976K, 0% used [0x000000076e000000,0x000000076e000000,0x0000000775c00000)
  from space 10240K, 0% used [0x0000000775c00000,0x0000000775c00000,0x0000000776600000)
  to   space 17408K, 0% used [0x000000077e900000,0x000000077e900000,0x000000077fa00000)
 ParOldGen       total 129536K, used 21131K [0x00000006ca000000, 0x00000006d1e80000, 0x000000076e000000)
  object space 129536K, 16% used [0x00000006ca000000,0x00000006cb4a2c58,0x00000006d1e80000)
 Metaspace       used 20709K, capacity 21216K, committed 21296K, reserved 1069056K
  class space    used 2461K, capacity 2587K, committed 2608K, reserved 1048576K
}
Event: 4.834 GC heap before
{Heap before GC invocations=7 (full 1):
 PSYoungGen      total 137216K, used 126976K [0x000000076e000000, 0x000000077fa00000, 0x00000007c0000000)
  eden space 126976K, 100% used [0x000000076e000000,0x0000000775c00000,0x0000000775c00000)
  from space 10240K, 0% used [0x0000000775c00000,0x0000000775c00000,0x0000000776600000)
  to   space 17408K, 0% used [0x000000077e900000,0x000000077e900000,0x000000077fa00000)
 ParOldGen       total 129536K, used 21131K [0x00000006ca000000, 0x00000006d1e80000, 0x000000076e000000)
  object space 129536K, 16% used [0x00000006ca000000,0x00000006cb4a2c58,0x00000006d1e80000)
 Metaspace       used 24502K, capacity 25182K, committed 25392K, reserved 1071104K
  class space    used 2829K, capacity 2998K, committed 3120K, reserved 1048576K
Event: 4.843 GC heap after
Heap after GC invocations=7 (full 1):
 PSYoungGen      total 193024K, used 17404K [0x000000076e000000, 0x000000077fa00000, 0x00000007c0000000)
  eden space 175616K, 0% used [0x000000076e000000,0x000000076e000000,0x0000000778b80000)
  from space 17408K, 99% used [0x000000077e900000,0x000000077f9ff0f8,0x000000077fa00000)
  to   space 19968K, 0% used [0x000000077d300000,0x000000077d300000,0x000000077e680000)
 ParOldGen       total 129536K, used 22826K [0x00000006ca000000, 0x00000006d1e80000, 0x000000076e000000)
  object space 129536K, 17% used [0x00000006ca000000,0x00000006cb64a910,0x00000006d1e80000)
 Metaspace       used 24502K, capacity 25182K, committed 25392K, reserved 1071104K
  class space    used 2829K, capacity 2998K, committed 3120K, reserved 1048576K
}
Event: 5.417 GC heap before
{Heap before GC invocations=8 (full 1):
 PSYoungGen      total 193024K, used 193020K [0x000000076e000000, 0x000000077fa00000, 0x00000007c0000000)
  eden space 175616K, 100% used [0x000000076e000000,0x0000000778b80000,0x0000000778b80000)
  from space 17408K, 99% used [0x000000077e900000,0x000000077f9ff0f8,0x000000077fa00000)
  to   space 19968K, 0% used [0x000000077d300000,0x000000077d300000,0x000000077e680000)
 ParOldGen       total 129536K, used 22826K [0x00000006ca000000, 0x00000006d1e80000, 0x000000076e000000)
  object space 129536K, 17% used [0x00000006ca000000,0x00000006cb64a910,0x00000006d1e80000)
 Metaspace       used 24669K, capacity 25394K, committed 25648K, reserved 1071104K
  class space    used 2839K, capacity 3012K, committed 3120K, reserved 1048576K
Event: 5.428 GC heap after
Heap after GC invocations=8 (full 1):
 PSYoungGen      total 268800K, used 19938K [0x000000076e000000, 0x0000000780000000, 0x00000007c0000000)
  eden space 248832K, 0% used [0x000000076e000000,0x000000076e000000,0x000000077d300000)
  from space 19968K, 99% used [0x000000077d300000,0x000000077e6789f0,0x000000077e680000)
  to   space 22528K, 0% used [0x000000077ea00000,0x000000077ea00000,0x0000000780000000)
 ParOldGen       total 129536K, used 23130K [0x00000006ca000000, 0x00000006d1e80000, 0x000000076e000000)
  object space 129536K, 17% used [0x00000006ca000000,0x00000006cb696910,0x00000006d1e80000)
 Metaspace       used 24669K, capacity 25394K, committed 25648K, reserved 1071104K
  class space    used 2839K, capacity 3012K, committed 3120K, reserved 1048576K
}

