# JRE version: Java(TM) SE Runtime Environment (8.0_31-b13) (build 1.8.0_31-b13)
# Java VM: Java HotSpot(TM) 64-Bit Server VM (25.31-b07 mixed mode windows-amd64 compressed oops)
Heap:
 PSYoungGen      total 139776K, used 68302K [0x000000076e000000, 0x0000000778780000, 0x00000007c0000000)
  eden space 114688K, 41% used [0x000000076e000000,0x0000000770eb6328,0x0000000775000000)
  from space 25088K, 81% used [0x0000000775000000,0x00000007763fd638,0x0000000776880000)
  to   space 23552K, 0% used [0x0000000776880000,0x0000000776880000,0x0000000777f80000)
 ParOldGen       total 226816K, used 20401K [0x00000006ca000000, 0x00000006d7d80000, 0x000000076e000000)
  object space 226816K, 8% used [0x00000006ca000000,0x00000006cb3ec410,0x00000006d7d80000)
 Metaspace       used 24738K, capacity 25442K, committed 25648K, reserved 1075200K
  class space    used 2848K, capacity 3012K, committed 3120K, reserved 1048576K
GC Heap History (10 events):
Event: 3.928 GC heap before
{Heap before GC invocations=7 (full 1):
 PSYoungGen      total 85504K, used 53733K [0x000000076e000000, 0x0000000776380000, 0x00000007c0000000)
  eden space 75264K, 57% used [0x000000076e000000,0x0000000770a816a0,0x0000000772980000)
  from space 10240K, 99% used [0x0000000772980000,0x0000000773378020,0x0000000773380000)
  to   space 21504K, 0% used [0x0000000774e80000,0x0000000774e80000,0x0000000776380000)
 ParOldGen       total 118272K, used 10880K [0x00000006ca000000, 0x00000006d1380000, 0x000000076e000000)
  object space 118272K, 9% used [0x00000006ca000000,0x00000006caaa01d8,0x00000006d1380000)
 Metaspace       used 20642K, capacity 21136K, committed 21296K, reserved 1071104K
  class space    used 2451K, capacity 2587K, committed 2608K, reserved 1048576K
Event: 3.935 GC heap after
Heap after GC invocations=7 (full 1):
 PSYoungGen      total 113664K, used 12711K [0x000000076e000000, 0x0000000776500000, 0x00000007c0000000)
  eden space 92160K, 0% used [0x000000076e000000,0x000000076e000000,0x0000000773a00000)
  from space 21504K, 59% used [0x0000000774e80000,0x0000000775ae9de8,0x0000000776380000)
  to   space 20992K, 0% used [0x0000000773a00000,0x0000000773a00000,0x0000000774e80000)
 ParOldGen       total 118272K, used 10888K [0x00000006ca000000, 0x00000006d1380000, 0x000000076e000000)
  object space 118272K, 9% used [0x00000006ca000000,0x00000006caaa21d8,0x00000006d1380000)
 Metaspace       used 20642K, capacity 21136K, committed 21296K, reserved 1071104K
  class space    used 2451K, capacity 2587K, committed 2608K, reserved 1048576K
}
Event: 3.935 GC heap before
{Heap before GC invocations=8 (full 2):
 PSYoungGen      total 113664K, used 12711K [0x000000076e000000, 0x0000000776500000, 0x00000007c0000000)
  eden space 92160K, 0% used [0x000000076e000000,0x000000076e000000,0x0000000773a00000)
  from space 21504K, 59% used [0x0000000774e80000,0x0000000775ae9de8,0x0000000776380000)
  to   space 20992K, 0% used [0x0000000773a00000,0x0000000773a00000,0x0000000774e80000)
 ParOldGen       total 118272K, used 10888K [0x00000006ca000000, 0x00000006d1380000, 0x000000076e000000)
  object space 118272K, 9% used [0x00000006ca000000,0x00000006caaa21d8,0x00000006d1380000)
 Metaspace       used 20642K, capacity 21136K, committed 21296K, reserved 1071104K
  class space    used 2451K, capacity 2587K, committed 2608K, reserved 1048576K
Event: 4.005 GC heap after
Heap after GC invocations=8 (full 2):
 PSYoungGen      total 113664K, used 0K [0x000000076e000000, 0x0000000776500000, 0x00000007c0000000)
  eden space 92160K, 0% used [0x000000076e000000,0x000000076e000000,0x0000000773a00000)
  from space 21504K, 0% used [0x0000000774e80000,0x0000000774e80000,0x0000000776380000)
  to   space 20992K, 0% used [0x0000000773a00000,0x0000000773a00000,0x0000000774e80000)
 ParOldGen       total 226816K, used 20377K [0x00000006ca000000, 0x00000006d7d80000, 0x000000076e000000)
  object space 226816K, 8% used [0x00000006ca000000,0x00000006cb3e6410,0x00000006d7d80000)
 Metaspace       used 20642K, capacity 21136K, committed 21296K, reserved 1071104K
  class space    used 2451K, capacity 2587K, committed 2608K, reserved 1048576K
}
Event: 5.748 GC heap before
{Heap before GC invocations=9 (full 2):
 PSYoungGen      total 113664K, used 92160K [0x000000076e000000, 0x0000000776500000, 0x00000007c0000000)
  eden space 92160K, 100% used [0x000000076e000000,0x0000000773a00000,0x0000000773a00000)
  from space 21504K, 0% used [0x0000000774e80000,0x0000000774e80000,0x0000000776380000)
  to   space 20992K, 0% used [0x0000000773a00000,0x0000000773a00000,0x0000000774e80000)
 ParOldGen       total 226816K, used 20377K [0x00000006ca000000, 0x00000006d7d80000, 0x000000076e000000)
  object space 226816K, 8% used [0x00000006ca000000,0x00000006cb3e6410,0x00000006d7d80000)
 Metaspace       used 24152K, capacity 24730K, committed 25008K, reserved 1075200K
  class space    used 2787K, capacity 2952K, committed 2992K, reserved 1048576K
Event: 5.758 GC heap after
Heap after GC invocations=9 (full 2):
 PSYoungGen      total 113152K, used 18502K [0x000000076e000000, 0x0000000777f80000, 0x00000007c0000000)
  eden space 92160K, 0% used [0x000000076e000000,0x000000076e000000,0x0000000773a00000)
  from space 20992K, 88% used [0x0000000773a00000,0x0000000774c119f8,0x0000000774e80000)
  to   space 23552K, 0% used [0x0000000776880000,0x0000000776880000,0x0000000777f80000)
 ParOldGen       total 226816K, used 20385K [0x00000006ca000000, 0x00000006d7d80000, 0x000000076e000000)
  object space 226816K, 8% used [0x00000006ca000000,0x00000006cb3e8410,0x00000006d7d80000)
 Metaspace       used 24152K, capacity 24730K, committed 25008K, reserved 1075200K
  class space    used 2787K, capacity 2952K, committed 2992K, reserved 1048576K
}
Event: 6.287 GC heap before
{Heap before GC invocations=10 (full 2):
 PSYoungGen      total 113152K, used 110662K [0x000000076e000000, 0x0000000777f80000, 0x00000007c0000000)
  eden space 92160K, 100% used [0x000000076e000000,0x0000000773a00000,0x0000000773a00000)
  from space 20992K, 88% used [0x0000000773a00000,0x0000000774c119f8,0x0000000774e80000)
  to   space 23552K, 0% used [0x0000000776880000,0x0000000776880000,0x0000000777f80000)
 ParOldGen       total 226816K, used 20385K [0x00000006ca000000, 0x00000006d7d80000, 0x000000076e000000)
  object space 226816K, 8% used [0x00000006ca000000,0x00000006cb3e8410,0x00000006d7d80000)
 Metaspace       used 24619K, capacity 25296K, committed 25648K, reserved 1075200K
  class space    used 2839K, capacity 3009K, committed 3120K, reserved 1048576K
Event: 6.297 GC heap after
Heap after GC invocations=10 (full 2):
 PSYoungGen      total 138240K, used 18239K [0x000000076e000000, 0x0000000778780000, 0x00000007c0000000)
  eden space 114688K, 0% used [0x000000076e000000,0x000000076e000000,0x0000000775000000)
  from space 23552K, 77% used [0x0000000776880000,0x0000000777a4fce8,0x0000000777f80000)
  to   space 25088K, 0% used [0x0000000775000000,0x0000000775000000,0x0000000776880000)
 ParOldGen       total 226816K, used 20393K [0x00000006ca000000, 0x00000006d7d80000, 0x000000076e000000)
  object space 226816K, 8% used [0x00000006ca000000,0x00000006cb3ea410,0x00000006d7d80000)
 Metaspace       used 24619K, capacity 25296K, committed 25648K, reserved 1075200K
  class space    used 2839K, capacity 3009K, committed 3120K, reserved 1048576K
}
Event: 6.838 GC heap before
{Heap before GC invocations=11 (full 2):
 PSYoungGen      total 138240K, used 132927K [0x000000076e000000, 0x0000000778780000, 0x00000007c0000000)
  eden space 114688K, 100% used [0x000000076e000000,0x0000000775000000,0x0000000775000000)
  from space 23552K, 77% used [0x0000000776880000,0x0000000777a4fce8,0x0000000777f80000)
  to   space 25088K, 0% used [0x0000000775000000,0x0000000775000000,0x0000000776880000)
 ParOldGen       total 226816K, used 20393K [0x00000006ca000000, 0x00000006d7d80000, 0x000000076e000000)
  object space 226816K, 8% used [0x00000006ca000000,0x00000006cb3ea410,0x00000006d7d80000)
 Metaspace       used 24690K, capacity 25378K, committed 25648K, reserved 1075200K
  class space    used 2841K, capacity 3012K, committed 3120K, reserved 1048576K
Event: 6.847 GC heap after
Heap after GC invocations=11 (full 2):
 PSYoungGen      total 139776K, used 20469K [0x000000076e000000, 0x0000000778780000, 0x00000007c0000000)
  eden space 114688K, 0% used [0x000000076e000000,0x000000076e000000,0x0000000775000000)
  from space 25088K, 81% used [0x0000000775000000,0x00000007763fd638,0x0000000776880000)
  to   space 23552K, 0% used [0x0000000776880000,0x0000000776880000,0x0000000777f80000)
 ParOldGen       total 226816K, used 20401K [0x00000006ca000000, 0x00000006d7d80000, 0x000000076e000000)
  object space 226816K, 8% used [0x00000006ca000000,0x00000006cb3ec410,0x00000006d7d80000)
 Metaspace       used 24690K, capacity 25378K, committed 25648K, reserved 1075200K
  class space    used 2841K, capacity 3012K, committed 3120K, reserved 1048576K
}

